{"/Users/ipathan/eshop-python-master/eshop-python-master.zip/frontend/auth.js": {"path":"/Users/ipathan/eshop-python-master/eshop-python-master.zip/frontend/auth.js","statementMap":{"0":{"start":{"line":7,"column":4},"end":{"line":7,"column":44}},"1":{"start":{"line":8,"column":4},"end":{"line":8,"column":40}},"2":{"start":{"line":12,"column":4},"end":{"line":12,"column":48}},"3":{"start":{"line":16,"column":18},"end":{"line":16,"column":34}},"4":{"start":{"line":17,"column":4},"end":{"line":19,"column":5}},"5":{"start":{"line":18,"column":8},"end":{"line":18,"column":18}},"6":{"start":{"line":20,"column":4},"end":{"line":20,"column":48}},"7":{"start":{"line":27,"column":4},"end":{"line":27,"column":23}},"8":{"start":{"line":28,"column":19},"end":{"line":28,"column":40}},"9":{"start":{"line":29,"column":4},"end":{"line":32,"column":5}},"10":{"start":{"line":30,"column":8},"end":{"line":30,"column":43}},"11":{"start":{"line":31,"column":8},"end":{"line":31,"column":59}},"12":{"start":{"line":33,"column":18},"end":{"line":33,"column":35}},"13":{"start":{"line":34,"column":4},"end":{"line":34,"column":72}},"14":{"start":{"line":41,"column":18},"end":{"line":41,"column":34}},"15":{"start":{"line":42,"column":4},"end":{"line":44,"column":5}},"16":{"start":{"line":43,"column":8},"end":{"line":43,"column":21}},"17":{"start":{"line":45,"column":4},"end":{"line":56,"column":5}},"18":{"start":{"line":46,"column":25},"end":{"line":48,"column":10}},"19":{"start":{"line":49,"column":8},"end":{"line":52,"column":9}},"20":{"start":{"line":50,"column":12},"end":{"line":50,"column":31}},"21":{"start":{"line":51,"column":12},"end":{"line":51,"column":25}},"22":{"start":{"line":53,"column":8},"end":{"line":53,"column":27}},"23":{"start":{"line":55,"column":8},"end":{"line":55,"column":21}},"24":{"start":{"line":63,"column":4},"end":{"line":69,"column":60}},"25":{"start":{"line":66,"column":27},"end":{"line":66,"column":75}},"26":{"start":{"line":67,"column":12},"end":{"line":67,"column":39}},"27":{"start":{"line":69,"column":21},"end":{"line":69,"column":58}},"28":{"start":{"line":73,"column":19},"end":{"line":73,"column":62}},"29":{"start":{"line":74,"column":4},"end":{"line":76,"column":5}},"30":{"start":{"line":75,"column":8},"end":{"line":75,"column":15}},"31":{"start":{"line":77,"column":19},"end":{"line":77,"column":39}},"32":{"start":{"line":79,"column":8},"end":{"line":81,"column":62}},"33":{"start":{"line":82,"column":15},"end":{"line":82,"column":92}},"34":{"start":{"line":83,"column":4},"end":{"line":87,"column":5}},"35":{"start":{"line":84,"column":8},"end":{"line":84,"column":35}},"36":{"start":{"line":85,"column":8},"end":{"line":85,"column":33}},"37":{"start":{"line":86,"column":8},"end":{"line":86,"column":34}},"38":{"start":{"line":90,"column":0},"end":{"line":100,"column":1}},"39":{"start":{"line":91,"column":4},"end":{"line":99,"column":6}}},"fnMap":{"0":{"name":"clearAuthStorage","decl":{"start":{"line":6,"column":9},"end":{"line":6,"column":25}},"loc":{"start":{"line":6,"column":28},"end":{"line":9,"column":1}},"line":6},"1":{"name":"getAccessToken","decl":{"start":{"line":11,"column":9},"end":{"line":11,"column":23}},"loc":{"start":{"line":11,"column":26},"end":{"line":13,"column":1}},"line":11},"2":{"name":"getAuthHeaders","decl":{"start":{"line":15,"column":9},"end":{"line":15,"column":23}},"loc":{"start":{"line":15,"column":26},"end":{"line":21,"column":1}},"line":15},"3":{"name":"handleUnauthorized","decl":{"start":{"line":26,"column":9},"end":{"line":26,"column":27}},"loc":{"start":{"line":26,"column":36},"end":{"line":35,"column":1}},"line":26},"4":{"name":"validateStoredToken","decl":{"start":{"line":40,"column":15},"end":{"line":40,"column":34}},"loc":{"start":{"line":40,"column":44},"end":{"line":57,"column":1}},"line":40},"5":{"name":"handleUnauthorizedResponse","decl":{"start":{"line":62,"column":9},"end":{"line":62,"column":35}},"loc":{"start":{"line":62,"column":46},"end":{"line":70,"column":1}},"line":62},"6":{"name":"(anonymous_6)","decl":{"start":{"line":65,"column":14},"end":{"line":65,"column":15}},"loc":{"start":{"line":65,"column":24},"end":{"line":68,"column":9}},"line":65},"7":{"name":"(anonymous_7)","decl":{"start":{"line":69,"column":15},"end":{"line":69,"column":16}},"loc":{"start":{"line":69,"column":21},"end":{"line":69,"column":58}},"line":69},"8":{"name":"showSessionExpiredMessage","decl":{"start":{"line":72,"column":9},"end":{"line":72,"column":34}},"loc":{"start":{"line":72,"column":37},"end":{"line":88,"column":1}},"line":72}},"branchMap":{"0":{"loc":{"start":{"line":17,"column":4},"end":{"line":19,"column":5}},"type":"if","locations":[{"start":{"line":17,"column":4},"end":{"line":19,"column":5}},{"start":{},"end":{}}],"line":17},"1":{"loc":{"start":{"line":29,"column":4},"end":{"line":32,"column":5}},"type":"if","locations":[{"start":{"line":29,"column":4},"end":{"line":32,"column":5}},{"start":{},"end":{}}],"line":29},"2":{"loc":{"start":{"line":34,"column":27},"end":{"line":34,"column":71}},"type":"cond-expr","locations":[{"start":{"line":34,"column":35},"end":{"line":34,"column":56}},{"start":{"line":34,"column":59},"end":{"line":34,"column":71}}],"line":34},"3":{"loc":{"start":{"line":42,"column":4},"end":{"line":44,"column":5}},"type":"if","locations":[{"start":{"line":42,"column":4},"end":{"line":44,"column":5}},{"start":{},"end":{}}],"line":42},"4":{"loc":{"start":{"line":49,"column":8},"end":{"line":52,"column":9}},"type":"if","locations":[{"start":{"line":49,"column":8},"end":{"line":52,"column":9}},{"start":{},"end":{}}],"line":49},"5":{"loc":{"start":{"line":66,"column":27},"end":{"line":66,"column":75}},"type":"binary-expr","locations":[{"start":{"line":66,"column":27},"end":{"line":66,"column":38}},{"start":{"line":66,"column":42},"end":{"line":66,"column":54}},{"start":{"line":66,"column":58},"end":{"line":66,"column":75}}],"line":66},"6":{"loc":{"start":{"line":74,"column":4},"end":{"line":76,"column":5}},"type":"if","locations":[{"start":{"line":74,"column":4},"end":{"line":76,"column":5}},{"start":{},"end":{}}],"line":74},"7":{"loc":{"start":{"line":79,"column":8},"end":{"line":81,"column":62}},"type":"cond-expr","locations":[{"start":{"line":80,"column":14},"end":{"line":80,"column":95}},{"start":{"line":81,"column":14},"end":{"line":81,"column":62}}],"line":79},"8":{"loc":{"start":{"line":79,"column":8},"end":{"line":79,"column":54}},"type":"binary-expr","locations":[{"start":{"line":79,"column":8},"end":{"line":79,"column":14}},{"start":{"line":79,"column":18},"end":{"line":79,"column":54}}],"line":79},"9":{"loc":{"start":{"line":82,"column":15},"end":{"line":82,"column":92}},"type":"binary-expr","locations":[{"start":{"line":82,"column":15},"end":{"line":82,"column":47}},{"start":{"line":82,"column":51},"end":{"line":82,"column":92}}],"line":82},"10":{"loc":{"start":{"line":83,"column":4},"end":{"line":87,"column":5}},"type":"if","locations":[{"start":{"line":83,"column":4},"end":{"line":87,"column":5}},{"start":{},"end":{}}],"line":83},"11":{"loc":{"start":{"line":90,"column":0},"end":{"line":100,"column":1}},"type":"if","locations":[{"start":{"line":90,"column":0},"end":{"line":100,"column":1}},{"start":{},"end":{}}],"line":90},"12":{"loc":{"start":{"line":90,"column":4},"end":{"line":90,"column":51}},"type":"binary-expr","locations":[{"start":{"line":90,"column":4},"end":{"line":90,"column":33}},{"start":{"line":90,"column":37},"end":{"line":90,"column":51}}],"line":90}},"s":{"0":4,"1":4,"2":6,"3":2,"4":2,"5":1,"6":1,"7":3,"8":3,"9":3,"10":2,"11":2,"12":3,"13":3,"14":4,"15":4,"16":1,"17":3,"18":3,"19":2,"20":1,"21":1,"22":1,"23":1,"24":1,"25":1,"26":1,"27":0,"28":1,"29":1,"30":0,"31":1,"32":1,"33":1,"34":1,"35":1,"36":1,"37":1,"38":1,"39":1},"f":{"0":4,"1":6,"2":2,"3":3,"4":4,"5":1,"6":1,"7":0,"8":1},"b":{"0":[1,1],"1":[2,1],"2":[2,1],"3":[1,3],"4":[1,1],"5":[1,0,0],"6":[0,1],"7":[1,0],"8":[1,1],"9":[1,0],"10":[1,0],"11":[1,0],"12":[1,1]},"_coverageSchema":"1a1c01bbd47fc00a2c39e90264f33305004495a9","hash":"91cc9cd19086bcf9397b48b5fd27c26805255c20"}
,"/Users/ipathan/eshop-python-master/eshop-python-master.zip/frontend/config.js": {"path":"/Users/ipathan/eshop-python-master/eshop-python-master.zip/frontend/config.js","statementMap":{"0":{"start":{"line":19,"column":0},"end":{"line":33,"column":2}},"1":{"start":{"line":36,"column":0},"end":{"line":50,"column":5}},"2":{"start":{"line":37,"column":25},"end":{"line":37,"column":82}},"3":{"start":{"line":38,"column":29},"end":{"line":38,"column":90}},"4":{"start":{"line":39,"column":24},"end":{"line":39,"column":71}},"5":{"start":{"line":41,"column":4},"end":{"line":43,"column":5}},"6":{"start":{"line":42,"column":8},"end":{"line":42,"column":84}},"7":{"start":{"line":44,"column":4},"end":{"line":46,"column":5}},"8":{"start":{"line":45,"column":8},"end":{"line":45,"column":92}},"9":{"start":{"line":47,"column":4},"end":{"line":49,"column":5}},"10":{"start":{"line":48,"column":8},"end":{"line":48,"column":73}},"11":{"start":{"line":53,"column":0},"end":{"line":55,"column":1}},"12":{"start":{"line":54,"column":4},"end":{"line":54,"column":39}}},"fnMap":{"0":{"name":"(anonymous_0)","decl":{"start":{"line":36,"column":1},"end":{"line":36,"column":2}},"loc":{"start":{"line":36,"column":12},"end":{"line":50,"column":1}},"line":36}},"branchMap":{"0":{"loc":{"start":{"line":19,"column":20},"end":{"line":33,"column":1}},"type":"binary-expr","locations":[{"start":{"line":19,"column":20},"end":{"line":19,"column":37}},{"start":{"line":19,"column":41},"end":{"line":33,"column":1}}],"line":19},"1":{"loc":{"start":{"line":41,"column":4},"end":{"line":43,"column":5}},"type":"if","locations":[{"start":{"line":41,"column":4},"end":{"line":43,"column":5}},{"start":{},"end":{}}],"line":41},"2":{"loc":{"start":{"line":44,"column":4},"end":{"line":46,"column":5}},"type":"if","locations":[{"start":{"line":44,"column":4},"end":{"line":46,"column":5}},{"start":{},"end":{}}],"line":44},"3":{"loc":{"start":{"line":47,"column":4},"end":{"line":49,"column":5}},"type":"if","locations":[{"start":{"line":47,"column":4},"end":{"line":49,"column":5}},{"start":{},"end":{}}],"line":47},"4":{"loc":{"start":{"line":53,"column":0},"end":{"line":55,"column":1}},"type":"if","locations":[{"start":{"line":53,"column":0},"end":{"line":55,"column":1}},{"start":{},"end":{}}],"line":53},"5":{"loc":{"start":{"line":53,"column":4},"end":{"line":53,"column":51}},"type":"binary-expr","locations":[{"start":{"line":53,"column":4},"end":{"line":53,"column":33}},{"start":{"line":53,"column":37},"end":{"line":53,"column":51}}],"line":53}},"s":{"0":3,"1":3,"2":3,"3":3,"4":3,"5":3,"6":1,"7":3,"8":0,"9":3,"10":1,"11":3,"12":3},"f":{"0":3},"b":{"0":[3,3],"1":[1,2],"2":[0,3],"3":[1,2],"4":[3,0],"5":[3,3]},"_coverageSchema":"1a1c01bbd47fc00a2c39e90264f33305004495a9","hash":"f11ff80318524c43c3723f60a7ca2ea1836bd33f"}
,"/Users/ipathan/eshop-python-master/eshop-python-master.zip/frontend/js/api-client.js": {"path":"/Users/ipathan/eshop-python-master/eshop-python-master.zip/frontend/js/api-client.js","statementMap":{"0":{"start":{"line":6,"column":20},"end":{"line":6,"column":35}},"1":{"start":{"line":7,"column":21},"end":{"line":9,"column":5}},"2":{"start":{"line":8,"column":8},"end":{"line":8,"column":52}},"3":{"start":{"line":10,"column":27},"end":{"line":14,"column":5}},"4":{"start":{"line":11,"column":8},"end":{"line":13,"column":9}},"5":{"start":{"line":12,"column":12},"end":{"line":12,"column":49}},"6":{"start":{"line":17,"column":22},"end":{"line":17,"column":32}},"7":{"start":{"line":18,"column":24},"end":{"line":18,"column":71}},"8":{"start":{"line":19,"column":8},"end":{"line":21,"column":9}},"9":{"start":{"line":20,"column":12},"end":{"line":20,"column":54}},"10":{"start":{"line":23,"column":25},"end":{"line":23,"column":95}},"11":{"start":{"line":25,"column":8},"end":{"line":28,"column":9}},"12":{"start":{"line":26,"column":12},"end":{"line":26,"column":37}},"13":{"start":{"line":27,"column":12},"end":{"line":27,"column":28}},"14":{"start":{"line":30,"column":8},"end":{"line":30,"column":24}},"15":{"start":{"line":33,"column":4},"end":{"line":54,"column":6}},"16":{"start":{"line":36,"column":12},"end":{"line":36,"column":77}},"17":{"start":{"line":39,"column":12},"end":{"line":49,"column":14}},"18":{"start":{"line":52,"column":12},"end":{"line":52,"column":80}},"19":{"start":{"line":58,"column":4},"end":{"line":60,"column":5}},"20":{"start":{"line":59,"column":8},"end":{"line":59,"column":42}},"21":{"start":{"line":61,"column":4},"end":{"line":61,"column":35}},"22":{"start":{"line":64,"column":0},"end":{"line":69,"column":1}},"23":{"start":{"line":65,"column":4},"end":{"line":68,"column":6}}},"fnMap":{"0":{"name":"createApiClient","decl":{"start":{"line":5,"column":9},"end":{"line":5,"column":24}},"loc":{"start":{"line":5,"column":34},"end":{"line":55,"column":1}},"line":5},"1":{"name":"(anonymous_1)","decl":{"start":{"line":7,"column":41},"end":{"line":7,"column":42}},"loc":{"start":{"line":7,"column":53},"end":{"line":9,"column":5}},"line":7},"2":{"name":"(anonymous_2)","decl":{"start":{"line":10,"column":53},"end":{"line":10,"column":54}},"loc":{"start":{"line":10,"column":73},"end":{"line":14,"column":5}},"line":10},"3":{"name":"request","decl":{"start":{"line":16,"column":19},"end":{"line":16,"column":26}},"loc":{"start":{"line":16,"column":39},"end":{"line":31,"column":5}},"line":16},"4":{"name":"(anonymous_4)","decl":{"start":{"line":35,"column":13},"end":{"line":35,"column":14}},"loc":{"start":{"line":35,"column":35},"end":{"line":37,"column":9}},"line":35},"5":{"name":"(anonymous_5)","decl":{"start":{"line":38,"column":14},"end":{"line":38,"column":15}},"loc":{"start":{"line":38,"column":42},"end":{"line":50,"column":9}},"line":38},"6":{"name":"(anonymous_6)","decl":{"start":{"line":51,"column":16},"end":{"line":51,"column":17}},"loc":{"start":{"line":51,"column":38},"end":{"line":53,"column":9}},"line":51},"7":{"name":"getApiBaseFromConfig","decl":{"start":{"line":57,"column":9},"end":{"line":57,"column":29}},"loc":{"start":{"line":57,"column":32},"end":{"line":62,"column":1}},"line":57}},"branchMap":{"0":{"loc":{"start":{"line":7,"column":21},"end":{"line":9,"column":5}},"type":"binary-expr","locations":[{"start":{"line":7,"column":21},"end":{"line":7,"column":37}},{"start":{"line":7,"column":41},"end":{"line":9,"column":5}}],"line":7},"1":{"loc":{"start":{"line":10,"column":27},"end":{"line":14,"column":5}},"type":"binary-expr","locations":[{"start":{"line":10,"column":27},"end":{"line":10,"column":49}},{"start":{"line":10,"column":53},"end":{"line":14,"column":5}}],"line":10},"2":{"loc":{"start":{"line":11,"column":8},"end":{"line":13,"column":9}},"type":"if","locations":[{"start":{"line":11,"column":8},"end":{"line":13,"column":9}},{"start":{},"end":{}}],"line":11},"3":{"loc":{"start":{"line":18,"column":42},"end":{"line":18,"column":70}},"type":"binary-expr","locations":[{"start":{"line":18,"column":43},"end":{"line":18,"column":47}},{"start":{"line":18,"column":51},"end":{"line":18,"column":63}},{"start":{"line":18,"column":68},"end":{"line":18,"column":70}}],"line":18},"4":{"loc":{"start":{"line":19,"column":8},"end":{"line":21,"column":9}},"type":"if","locations":[{"start":{"line":19,"column":8},"end":{"line":21,"column":9}},{"start":{},"end":{}}],"line":19},"5":{"loc":{"start":{"line":19,"column":12},"end":{"line":19,"column":43}},"type":"binary-expr","locations":[{"start":{"line":19,"column":12},"end":{"line":19,"column":17}},{"start":{"line":19,"column":21},"end":{"line":19,"column":43}}],"line":19},"6":{"loc":{"start":{"line":25,"column":8},"end":{"line":28,"column":9}},"type":"if","locations":[{"start":{"line":25,"column":8},"end":{"line":28,"column":9}},{"start":{},"end":{}}],"line":25},"7":{"loc":{"start":{"line":45,"column":24},"end":{"line":45,"column":52}},"type":"binary-expr","locations":[{"start":{"line":45,"column":25},"end":{"line":45,"column":29}},{"start":{"line":45,"column":33},"end":{"line":45,"column":45}},{"start":{"line":45,"column":50},"end":{"line":45,"column":52}}],"line":45},"8":{"loc":{"start":{"line":58,"column":4},"end":{"line":60,"column":5}},"type":"if","locations":[{"start":{"line":58,"column":4},"end":{"line":60,"column":5}},{"start":{},"end":{}}],"line":58},"9":{"loc":{"start":{"line":58,"column":8},"end":{"line":58,"column":88}},"type":"binary-expr","locations":[{"start":{"line":58,"column":8},"end":{"line":58,"column":37}},{"start":{"line":58,"column":41},"end":{"line":58,"column":58}},{"start":{"line":58,"column":62},"end":{"line":58,"column":88}}],"line":58},"10":{"loc":{"start":{"line":64,"column":0},"end":{"line":69,"column":1}},"type":"if","locations":[{"start":{"line":64,"column":0},"end":{"line":69,"column":1}},{"start":{},"end":{}}],"line":64},"11":{"loc":{"start":{"line":64,"column":4},"end":{"line":64,"column":51}},"type":"binary-expr","locations":[{"start":{"line":64,"column":4},"end":{"line":64,"column":33}},{"start":{"line":64,"column":37},"end":{"line":64,"column":51}}],"line":64}},"s":{"0":3,"1":3,"2":4,"3":3,"4":0,"5":0,"6":4,"7":4,"8":4,"9":1,"10":4,"11":4,"12":1,"13":1,"14":3,"15":3,"16":2,"17":1,"18":1,"19":0,"20":0,"21":0,"22":1,"23":1},"f":{"0":3,"1":4,"2":0,"3":4,"4":2,"5":1,"6":1,"7":0},"b":{"0":[3,3],"1":[3,2],"2":[0,0],"3":[4,4,3],"4":[1,3],"5":[4,1],"6":[1,3],"7":[1,0,1],"8":[0,0],"9":[0,0,0],"10":[1,0],"11":[1,1]},"_coverageSchema":"1a1c01bbd47fc00a2c39e90264f33305004495a9","hash":"77aaa090868a86543e9162a6653ad0b7254a68a7"}
,"/Users/ipathan/eshop-python-master/eshop-python-master.zip/frontend/js/utils.js": {"path":"/Users/ipathan/eshop-python-master/eshop-python-master.zip/frontend/js/utils.js","statementMap":{"0":{"start":{"line":6,"column":4},"end":{"line":8,"column":5}},"1":{"start":{"line":7,"column":8},"end":{"line":7,"column":18}},"2":{"start":{"line":9,"column":16},"end":{"line":9,"column":45}},"3":{"start":{"line":10,"column":4},"end":{"line":10,"column":35}},"4":{"start":{"line":11,"column":4},"end":{"line":11,"column":25}},"5":{"start":{"line":15,"column":4},"end":{"line":29,"column":5}},"6":{"start":{"line":16,"column":26},"end":{"line":16,"column":45}},"7":{"start":{"line":17,"column":23},"end":{"line":17,"column":70}},"8":{"start":{"line":18,"column":28},"end":{"line":25,"column":9}},"9":{"start":{"line":22,"column":20},"end":{"line":22,"column":81}},"10":{"start":{"line":26,"column":8},"end":{"line":26,"column":39}},"11":{"start":{"line":28,"column":8},"end":{"line":28,"column":20}},"12":{"start":{"line":33,"column":22},"end":{"line":33,"column":37}},"13":{"start":{"line":34,"column":4},"end":{"line":36,"column":5}},"14":{"start":{"line":35,"column":8},"end":{"line":35,"column":22}},"15":{"start":{"line":37,"column":18},"end":{"line":37,"column":46}},"16":{"start":{"line":38,"column":4},"end":{"line":40,"column":5}},"17":{"start":{"line":39,"column":8},"end":{"line":39,"column":23}},"18":{"start":{"line":41,"column":4},"end":{"line":43,"column":5}},"19":{"start":{"line":42,"column":8},"end":{"line":42,"column":25}},"20":{"start":{"line":44,"column":4},"end":{"line":44,"column":18}},"21":{"start":{"line":48,"column":4},"end":{"line":48,"column":58}},"22":{"start":{"line":53,"column":8},"end":{"line":53,"column":73}},"23":{"start":{"line":54,"column":4},"end":{"line":54,"column":41}},"24":{"start":{"line":58,"column":4},"end":{"line":60,"column":5}},"25":{"start":{"line":59,"column":8},"end":{"line":59,"column":17}},"26":{"start":{"line":61,"column":4},"end":{"line":65,"column":10}},"27":{"start":{"line":62,"column":22},"end":{"line":62,"column":49}},"28":{"start":{"line":63,"column":25},"end":{"line":63,"column":57}},"29":{"start":{"line":64,"column":8},"end":{"line":64,"column":38}},"30":{"start":{"line":69,"column":4},"end":{"line":69,"column":74}},"31":{"start":{"line":72,"column":23},"end":{"line":78,"column":1}},"32":{"start":{"line":81,"column":26},"end":{"line":81,"column":28}},"33":{"start":{"line":82,"column":26},"end":{"line":82,"column":28}},"34":{"start":{"line":84,"column":4},"end":{"line":93,"column":7}},"35":{"start":{"line":85,"column":26},"end":{"line":85,"column":50}},"36":{"start":{"line":86,"column":24},"end":{"line":86,"column":59}},"37":{"start":{"line":87,"column":34},"end":{"line":87,"column":72}},"38":{"start":{"line":88,"column":8},"end":{"line":90,"column":9}},"39":{"start":{"line":89,"column":12},"end":{"line":89,"column":50}},"40":{"start":{"line":91,"column":8},"end":{"line":91,"column":55}},"41":{"start":{"line":92,"column":8},"end":{"line":92,"column":55}},"42":{"start":{"line":95,"column":4},"end":{"line":95,"column":44}},"43":{"start":{"line":99,"column":16},"end":{"line":99,"column":38}},"44":{"start":{"line":100,"column":20},"end":{"line":100,"column":30}},"45":{"start":{"line":101,"column":4},"end":{"line":103,"column":5}},"46":{"start":{"line":102,"column":8},"end":{"line":102,"column":76}},"47":{"start":{"line":104,"column":4},"end":{"line":104,"column":34}},"48":{"start":{"line":105,"column":4},"end":{"line":107,"column":5}},"49":{"start":{"line":106,"column":8},"end":{"line":106,"column":76}},"50":{"start":{"line":109,"column":24},"end":{"line":109,"column":49}},"51":{"start":{"line":110,"column":25},"end":{"line":110,"column":43}},"52":{"start":{"line":112,"column":4},"end":{"line":117,"column":5}},"53":{"start":{"line":113,"column":8},"end":{"line":116,"column":10}},"54":{"start":{"line":119,"column":24},"end":{"line":119,"column":63}},"55":{"start":{"line":120,"column":4},"end":{"line":120,"column":134}},"56":{"start":{"line":123,"column":0},"end":{"line":136,"column":1}},"57":{"start":{"line":124,"column":4},"end":{"line":135,"column":6}},"58":{"start":{"line":138,"column":0},"end":{"line":149,"column":1}},"59":{"start":{"line":139,"column":4},"end":{"line":139,"column":35}},"60":{"start":{"line":140,"column":4},"end":{"line":140,"column":31}},"61":{"start":{"line":141,"column":4},"end":{"line":141,"column":45}},"62":{"start":{"line":142,"column":4},"end":{"line":142,"column":49}},"63":{"start":{"line":143,"column":4},"end":{"line":143,"column":37}},"64":{"start":{"line":144,"column":4},"end":{"line":144,"column":61}},"65":{"start":{"line":145,"column":4},"end":{"line":145,"column":55}},"66":{"start":{"line":146,"column":4},"end":{"line":146,"column":57}},"67":{"start":{"line":147,"column":4},"end":{"line":147,"column":57}},"68":{"start":{"line":148,"column":4},"end":{"line":148,"column":43}}},"fnMap":{"0":{"name":"escapeHtml","decl":{"start":{"line":5,"column":9},"end":{"line":5,"column":19}},"loc":{"start":{"line":5,"column":26},"end":{"line":12,"column":1}},"line":5},"1":{"name":"parseJwt","decl":{"start":{"line":14,"column":9},"end":{"line":14,"column":17}},"loc":{"start":{"line":14,"column":25},"end":{"line":30,"column":1}},"line":14},"2":{"name":"(anonymous_2)","decl":{"start":{"line":21,"column":21},"end":{"line":21,"column":22}},"loc":{"start":{"line":21,"column":34},"end":{"line":23,"column":17}},"line":21},"3":{"name":"resolveUserRole","decl":{"start":{"line":32,"column":9},"end":{"line":32,"column":24}},"loc":{"start":{"line":32,"column":32},"end":{"line":45,"column":1}},"line":32},"4":{"name":"canManageProducts","decl":{"start":{"line":47,"column":9},"end":{"line":47,"column":26}},"loc":{"start":{"line":47,"column":37},"end":{"line":49,"column":1}},"line":47},"5":{"name":"isValidUuid","decl":{"start":{"line":51,"column":9},"end":{"line":51,"column":20}},"loc":{"start":{"line":51,"column":28},"end":{"line":55,"column":1}},"line":51},"6":{"name":"calculateBasketSubtotal","decl":{"start":{"line":57,"column":9},"end":{"line":57,"column":32}},"loc":{"start":{"line":57,"column":40},"end":{"line":66,"column":1}},"line":57},"7":{"name":"(anonymous_7)","decl":{"start":{"line":61,"column":24},"end":{"line":61,"column":25}},"loc":{"start":{"line":61,"column":45},"end":{"line":65,"column":5}},"line":61},"8":{"name":"buildPaginationLabel","decl":{"start":{"line":68,"column":9},"end":{"line":68,"column":29}},"loc":{"start":{"line":68,"column":60},"end":{"line":70,"column":1}},"line":68},"9":{"name":"groupValidationErrors","decl":{"start":{"line":80,"column":9},"end":{"line":80,"column":30}},"loc":{"start":{"line":80,"column":49},"end":{"line":96,"column":1}},"line":80},"10":{"name":"(anonymous_10)","decl":{"start":{"line":84,"column":37},"end":{"line":84,"column":38}},"loc":{"start":{"line":84,"column":54},"end":{"line":93,"column":5}},"line":84},"11":{"name":"getProductActionsHtml","decl":{"start":{"line":98,"column":9},"end":{"line":98,"column":30}},"loc":{"start":{"line":98,"column":60},"end":{"line":121,"column":1}},"line":98}},"branchMap":{"0":{"loc":{"start":{"line":6,"column":4},"end":{"line":8,"column":5}},"type":"if","locations":[{"start":{"line":6,"column":4},"end":{"line":8,"column":5}},{"start":{},"end":{}}],"line":6},"1":{"loc":{"start":{"line":6,"column":8},"end":{"line":6,"column":43}},"type":"binary-expr","locations":[{"start":{"line":6,"column":8},"end":{"line":6,"column":21}},{"start":{"line":6,"column":25},"end":{"line":6,"column":43}}],"line":6},"2":{"loc":{"start":{"line":34,"column":4},"end":{"line":36,"column":5}},"type":"if","locations":[{"start":{"line":34,"column":4},"end":{"line":36,"column":5}},{"start":{},"end":{}}],"line":34},"3":{"loc":{"start":{"line":34,"column":8},"end":{"line":34,"column":78}},"type":"binary-expr","locations":[{"start":{"line":34,"column":8},"end":{"line":34,"column":18}},{"start":{"line":34,"column":22},"end":{"line":34,"column":45}},{"start":{"line":34,"column":49},"end":{"line":34,"column":78}}],"line":34},"4":{"loc":{"start":{"line":38,"column":4},"end":{"line":40,"column":5}},"type":"if","locations":[{"start":{"line":38,"column":4},"end":{"line":40,"column":5}},{"start":{},"end":{}}],"line":38},"5":{"loc":{"start":{"line":41,"column":4},"end":{"line":43,"column":5}},"type":"if","locations":[{"start":{"line":41,"column":4},"end":{"line":43,"column":5}},{"start":{},"end":{}}],"line":41},"6":{"loc":{"start":{"line":48,"column":11},"end":{"line":48,"column":57}},"type":"binary-expr","locations":[{"start":{"line":48,"column":11},"end":{"line":48,"column":31}},{"start":{"line":48,"column":35},"end":{"line":48,"column":57}}],"line":48},"7":{"loc":{"start":{"line":58,"column":4},"end":{"line":60,"column":5}},"type":"if","locations":[{"start":{"line":58,"column":4},"end":{"line":60,"column":5}},{"start":{},"end":{}}],"line":58},"8":{"loc":{"start":{"line":58,"column":8},"end":{"line":58,"column":31}},"type":"binary-expr","locations":[{"start":{"line":58,"column":8},"end":{"line":58,"column":14}},{"start":{"line":58,"column":18},"end":{"line":58,"column":31}}],"line":58},"9":{"loc":{"start":{"line":62,"column":22},"end":{"line":62,"column":49}},"type":"binary-expr","locations":[{"start":{"line":62,"column":22},"end":{"line":62,"column":44}},{"start":{"line":62,"column":48},"end":{"line":62,"column":49}}],"line":62},"10":{"loc":{"start":{"line":63,"column":25},"end":{"line":63,"column":57}},"type":"binary-expr","locations":[{"start":{"line":63,"column":25},"end":{"line":63,"column":52}},{"start":{"line":63,"column":56},"end":{"line":63,"column":57}}],"line":63},"11":{"loc":{"start":{"line":84,"column":5},"end":{"line":84,"column":27}},"type":"binary-expr","locations":[{"start":{"line":84,"column":5},"end":{"line":84,"column":21}},{"start":{"line":84,"column":25},"end":{"line":84,"column":27}}],"line":84},"12":{"loc":{"start":{"line":85,"column":26},"end":{"line":85,"column":50}},"type":"binary-expr","locations":[{"start":{"line":85,"column":26},"end":{"line":85,"column":37}},{"start":{"line":85,"column":41},"end":{"line":85,"column":50}}],"line":85},"13":{"loc":{"start":{"line":86,"column":24},"end":{"line":86,"column":59}},"type":"binary-expr","locations":[{"start":{"line":86,"column":24},"end":{"line":86,"column":37}},{"start":{"line":86,"column":41},"end":{"line":86,"column":59}}],"line":86},"14":{"loc":{"start":{"line":87,"column":34},"end":{"line":87,"column":72}},"type":"binary-expr","locations":[{"start":{"line":87,"column":34},"end":{"line":87,"column":59}},{"start":{"line":87,"column":63},"end":{"line":87,"column":72}}],"line":87},"15":{"loc":{"start":{"line":88,"column":8},"end":{"line":90,"column":9}},"type":"if","locations":[{"start":{"line":88,"column":8},"end":{"line":90,"column":9}},{"start":{},"end":{}}],"line":88},"16":{"loc":{"start":{"line":99,"column":16},"end":{"line":99,"column":38}},"type":"binary-expr","locations":[{"start":{"line":99,"column":16},"end":{"line":99,"column":24}},{"start":{"line":99,"column":28},"end":{"line":99,"column":38}}],"line":99},"17":{"loc":{"start":{"line":101,"column":4},"end":{"line":103,"column":5}},"type":"if","locations":[{"start":{"line":101,"column":4},"end":{"line":103,"column":5}},{"start":{},"end":{}}],"line":101},"18":{"loc":{"start":{"line":105,"column":4},"end":{"line":107,"column":5}},"type":"if","locations":[{"start":{"line":105,"column":4},"end":{"line":107,"column":5}},{"start":{},"end":{}}],"line":105},"19":{"loc":{"start":{"line":109,"column":24},"end":{"line":109,"column":49}},"type":"binary-expr","locations":[{"start":{"line":109,"column":24},"end":{"line":109,"column":36}},{"start":{"line":109,"column":40},"end":{"line":109,"column":49}}],"line":109},"20":{"loc":{"start":{"line":110,"column":25},"end":{"line":110,"column":43}},"type":"binary-expr","locations":[{"start":{"line":110,"column":25},"end":{"line":110,"column":38}},{"start":{"line":110,"column":42},"end":{"line":110,"column":43}}],"line":110},"21":{"loc":{"start":{"line":112,"column":4},"end":{"line":117,"column":5}},"type":"if","locations":[{"start":{"line":112,"column":4},"end":{"line":117,"column":5}},{"start":{},"end":{}}],"line":112},"22":{"loc":{"start":{"line":123,"column":0},"end":{"line":136,"column":1}},"type":"if","locations":[{"start":{"line":123,"column":0},"end":{"line":136,"column":1}},{"start":{},"end":{}}],"line":123},"23":{"loc":{"start":{"line":123,"column":4},"end":{"line":123,"column":51}},"type":"binary-expr","locations":[{"start":{"line":123,"column":4},"end":{"line":123,"column":33}},{"start":{"line":123,"column":37},"end":{"line":123,"column":51}}],"line":123},"24":{"loc":{"start":{"line":138,"column":0},"end":{"line":149,"column":1}},"type":"if","locations":[{"start":{"line":138,"column":0},"end":{"line":149,"column":1}},{"start":{},"end":{}}],"line":138}},"s":{"0":3,"1":1,"2":2,"3":2,"4":2,"5":1,"6":1,"7":1,"8":1,"9":43,"10":1,"11":0,"12":1,"13":1,"14":0,"15":1,"16":1,"17":1,"18":0,"19":0,"20":0,"21":2,"22":4,"23":4,"24":1,"25":0,"26":1,"27":2,"28":2,"29":2,"30":0,"31":1,"32":1,"33":1,"34":1,"35":2,"36":2,"37":2,"38":2,"39":2,"40":2,"41":2,"42":1,"43":2,"44":2,"45":2,"46":0,"47":2,"48":2,"49":0,"50":2,"51":2,"52":2,"53":1,"54":1,"55":1,"56":1,"57":1,"58":1,"59":1,"60":1,"61":1,"62":1,"63":1,"64":1,"65":1,"66":1,"67":1,"68":1},"f":{"0":3,"1":1,"2":43,"3":1,"4":2,"5":4,"6":1,"7":2,"8":0,"9":1,"10":2,"11":2},"b":{"0":[1,2],"1":[3,2],"2":[0,1],"3":[1,1,1],"4":[1,0],"5":[0,0],"6":[2,2],"7":[0,1],"8":[1,1],"9":[2,0],"10":[2,0],"11":[1,0],"12":[2,0],"13":[2,0],"14":[2,0],"15":[2,0],"16":[2,0],"17":[0,2],"18":[0,2],"19":[2,0],"20":[2,0],"21":[1,1],"22":[1,0],"23":[1,1],"24":[1,0]},"_coverageSchema":"1a1c01bbd47fc00a2c39e90264f33305004495a9","hash":"38234952332dc8ab319bdbef3068fbb5986662b8"}
}
