TN:
SF:auth.js
FN:6,clearAuthStorage
FN:11,getAccessToken
FN:15,getAuthHeaders
FN:26,handleUnauthorized
FN:40,validateStoredToken
FN:62,handleUnauthorizedResponse
FN:65,(anonymous_6)
FN:69,(anonymous_7)
FN:72,showSessionExpiredMessage
FNF:9
FNH:8
FNDA:4,clearAuthStorage
FNDA:6,getAccessToken
FNDA:2,getAuthHeaders
FNDA:3,handleUnauthorized
FNDA:4,validateStoredToken
FNDA:1,handleUnauthorizedResponse
FNDA:1,(anonymous_6)
FNDA:0,(anonymous_7)
FNDA:1,showSessionExpiredMessage
DA:7,4
DA:8,4
DA:12,6
DA:16,2
DA:17,2
DA:18,1
DA:20,1
DA:27,3
DA:28,3
DA:29,3
DA:30,2
DA:31,2
DA:33,3
DA:34,3
DA:41,4
DA:42,4
DA:43,1
DA:45,3
DA:46,3
DA:49,2
DA:50,1
DA:51,1
DA:53,1
DA:55,1
DA:63,1
DA:66,1
DA:67,1
DA:69,0
DA:73,1
DA:74,1
DA:75,0
DA:77,1
DA:79,1
DA:82,1
DA:83,1
DA:84,1
DA:85,1
DA:86,1
DA:90,1
DA:91,1
LF:40
LH:38
BRDA:17,0,0,1
BRDA:17,0,1,1
BRDA:29,1,0,2
BRDA:29,1,1,1
BRDA:34,2,0,2
BRDA:34,2,1,1
BRDA:42,3,0,1
BRDA:42,3,1,3
BRDA:49,4,0,1
BRDA:49,4,1,1
BRDA:66,5,0,1
BRDA:66,5,1,0
BRDA:66,5,2,0
BRDA:74,6,0,0
BRDA:74,6,1,1
BRDA:79,7,0,1
BRDA:79,7,1,0
BRDA:79,8,0,1
BRDA:79,8,1,1
BRDA:82,9,0,1
BRDA:82,9,1,0
BRDA:83,10,0,1
BRDA:83,10,1,0
BRDA:90,11,0,1
BRDA:90,11,1,0
BRDA:90,12,0,1
BRDA:90,12,1,1
BRF:27
BRH:20
end_of_record
TN:
SF:config.js
FN:36,(anonymous_0)
FNF:1
FNH:1
FNDA:3,(anonymous_0)
DA:19,3
DA:36,3
DA:37,3
DA:38,3
DA:39,3
DA:41,3
DA:42,1
DA:44,3
DA:45,0
DA:47,3
DA:48,1
DA:53,3
DA:54,3
LF:13
LH:12
BRDA:19,0,0,3
BRDA:19,0,1,3
BRDA:41,1,0,1
BRDA:41,1,1,2
BRDA:44,2,0,0
BRDA:44,2,1,3
BRDA:47,3,0,1
BRDA:47,3,1,2
BRDA:53,4,0,3
BRDA:53,4,1,0
BRDA:53,5,0,3
BRDA:53,5,1,3
BRF:12
BRH:10
end_of_record
TN:
SF:js/api-client.js
FN:5,createApiClient
FN:7,(anonymous_1)
FN:10,(anonymous_2)
FN:16,request
FN:35,(anonymous_4)
FN:38,(anonymous_5)
FN:51,(anonymous_6)
FN:57,getApiBaseFromConfig
FNF:8
FNH:6
FNDA:3,createApiClient
FNDA:4,(anonymous_1)
FNDA:0,(anonymous_2)
FNDA:4,request
FNDA:2,(anonymous_4)
FNDA:1,(anonymous_5)
FNDA:1,(anonymous_6)
FNDA:0,getApiBaseFromConfig
DA:6,3
DA:7,3
DA:8,4
DA:10,3
DA:11,0
DA:12,0
DA:17,4
DA:18,4
DA:19,4
DA:20,1
DA:23,4
DA:25,4
DA:26,1
DA:27,1
DA:30,3
DA:33,3
DA:36,2
DA:39,1
DA:52,1
DA:58,0
DA:59,0
DA:61,0
DA:64,1
DA:65,1
LF:24
LH:19
BRDA:7,0,0,3
BRDA:7,0,1,3
BRDA:10,1,0,3
BRDA:10,1,1,2
BRDA:11,2,0,0
BRDA:11,2,1,0
BRDA:18,3,0,4
BRDA:18,3,1,4
BRDA:18,3,2,3
BRDA:19,4,0,1
BRDA:19,4,1,3
BRDA:19,5,0,4
BRDA:19,5,1,1
BRDA:25,6,0,1
BRDA:25,6,1,3
BRDA:45,7,0,1
BRDA:45,7,1,0
BRDA:45,7,2,1
BRDA:58,8,0,0
BRDA:58,8,1,0
BRDA:58,9,0,0
BRDA:58,9,1,0
BRDA:58,9,2,0
BRDA:64,10,0,1
BRDA:64,10,1,0
BRDA:64,11,0,1
BRDA:64,11,1,1
BRF:27
BRH:18
end_of_record
TN:
SF:js/utils.js
FN:5,escapeHtml
FN:14,parseJwt
FN:21,(anonymous_2)
FN:32,resolveUserRole
FN:47,canManageProducts
FN:51,isValidUuid
FN:57,calculateBasketSubtotal
FN:61,(anonymous_7)
FN:68,buildPaginationLabel
FN:80,groupValidationErrors
FN:84,(anonymous_10)
FN:98,getProductActionsHtml
FNF:12
FNH:11
FNDA:3,escapeHtml
FNDA:1,parseJwt
FNDA:43,(anonymous_2)
FNDA:1,resolveUserRole
FNDA:2,canManageProducts
FNDA:4,isValidUuid
FNDA:1,calculateBasketSubtotal
FNDA:2,(anonymous_7)
FNDA:0,buildPaginationLabel
FNDA:1,groupValidationErrors
FNDA:2,(anonymous_10)
FNDA:2,getProductActionsHtml
DA:6,3
DA:7,1
DA:9,2
DA:10,2
DA:11,2
DA:15,1
DA:16,1
DA:17,1
DA:18,1
DA:22,43
DA:26,1
DA:28,0
DA:33,1
DA:34,1
DA:35,0
DA:37,1
DA:38,1
DA:39,1
DA:41,0
DA:42,0
DA:44,0
DA:48,2
DA:53,4
DA:54,4
DA:58,1
DA:59,0
DA:61,1
DA:62,2
DA:63,2
DA:64,2
DA:69,0
DA:72,1
DA:81,1
DA:82,1
DA:84,1
DA:85,2
DA:86,2
DA:87,2
DA:88,2
DA:89,2
DA:91,2
DA:92,2
DA:95,1
DA:99,2
DA:100,2
DA:101,2
DA:102,0
DA:104,2
DA:105,2
DA:106,0
DA:109,2
DA:110,2
DA:112,2
DA:113,1
DA:119,1
DA:120,1
DA:123,1
DA:124,1
DA:138,1
DA:139,1
DA:140,1
DA:141,1
DA:142,1
DA:143,1
DA:144,1
DA:145,1
DA:146,1
DA:147,1
DA:148,1
LF:69
LH:60
BRDA:6,0,0,1
BRDA:6,0,1,2
BRDA:6,1,0,3
BRDA:6,1,1,2
BRDA:34,2,0,0
BRDA:34,2,1,1
BRDA:34,3,0,1
BRDA:34,3,1,1
BRDA:34,3,2,1
BRDA:38,4,0,1
BRDA:38,4,1,0
BRDA:41,5,0,0
BRDA:41,5,1,0
BRDA:48,6,0,2
BRDA:48,6,1,2
BRDA:58,7,0,0
BRDA:58,7,1,1
BRDA:58,8,0,1
BRDA:58,8,1,1
BRDA:62,9,0,2
BRDA:62,9,1,0
BRDA:63,10,0,2
BRDA:63,10,1,0
BRDA:84,11,0,1
BRDA:84,11,1,0
BRDA:85,12,0,2
BRDA:85,12,1,0
BRDA:86,13,0,2
BRDA:86,13,1,0
BRDA:87,14,0,2
BRDA:87,14,1,0
BRDA:88,15,0,2
BRDA:88,15,1,0
BRDA:99,16,0,2
BRDA:99,16,1,0
BRDA:101,17,0,0
BRDA:101,17,1,2
BRDA:105,18,0,0
BRDA:105,18,1,2
BRDA:109,19,0,2
BRDA:109,19,1,0
BRDA:110,20,0,2
BRDA:110,20,1,0
BRDA:112,21,0,1
BRDA:112,21,1,1
BRDA:123,22,0,1
BRDA:123,22,1,0
BRDA:123,23,0,1
BRDA:123,23,1,1
BRDA:138,24,0,1
BRDA:138,24,1,0
BRF:51
BRH:32
end_of_record
